Performing C SOURCE FILE Test CMAKE_HAVE_LIBC_PTHREAD failed with the following output:
Change Dir: /home/ros2/Ros2Projects/oom_ws/src/ros2_term_project/plugins/build/CMakeFiles/CMakeTmp

Run Build Command(s):/bin/make cmTC_fae32/fast && /bin/make -f CMakeFiles/cmTC_fae32.dir/build.make CMakeFiles/cmTC_fae32.dir/build
make[1]: Entering directory '/home/ros2/Ros2Projects/oom_ws/src/ros2_term_project/plugins/build/CMakeFiles/CMakeTmp'
Building C object CMakeFiles/cmTC_fae32.dir/src.c.o
/bin/cc   -DCMAKE_HAVE_LIBC_PTHREAD   -o CMakeFiles/cmTC_fae32.dir/src.c.o   -c /home/ros2/Ros2Projects/oom_ws/src/ros2_term_project/plugins/build/CMakeFiles/CMakeTmp/src.c
Linking C executable cmTC_fae32
/usr/bin/cmake -E cmake_link_script CMakeFiles/cmTC_fae32.dir/link.txt --verbose=1
/bin/cc  -DCMAKE_HAVE_LIBC_PTHREAD    CMakeFiles/cmTC_fae32.dir/src.c.o  -o cmTC_fae32 
/bin/ld: CMakeFiles/cmTC_fae32.dir/src.c.o: in function `main':
src.c:(.text+0x46): undefined reference to `pthread_create'
/bin/ld: src.c:(.text+0x52): undefined reference to `pthread_detach'
/bin/ld: src.c:(.text+0x63): undefined reference to `pthread_join'
collect2: error: ld returned 1 exit status
make[1]: *** [CMakeFiles/cmTC_fae32.dir/build.make:87: cmTC_fae32] Error 1
make[1]: Leaving directory '/home/ros2/Ros2Projects/oom_ws/src/ros2_term_project/plugins/build/CMakeFiles/CMakeTmp'
make: *** [Makefile:121: cmTC_fae32/fast] Error 2


Source file was:
#include <pthread.h>

void* test_func(void* data)
{
  return data;
}

int main(void)
{
  pthread_t thread;
  pthread_create(&thread, NULL, test_func, NULL);
  pthread_detach(thread);
  pthread_join(thread, NULL);
  pthread_atfork(NULL, NULL, NULL);
  pthread_exit(NULL);

  return 0;
}

Determining if the function pthread_create exists in the pthreads failed with the following output:
Change Dir: /home/ros2/Ros2Projects/oom_ws/src/ros2_term_project/plugins/build/CMakeFiles/CMakeTmp

Run Build Command(s):/bin/make cmTC_d2a57/fast && /bin/make -f CMakeFiles/cmTC_d2a57.dir/build.make CMakeFiles/cmTC_d2a57.dir/build
make[1]: Entering directory '/home/ros2/Ros2Projects/oom_ws/src/ros2_term_project/plugins/build/CMakeFiles/CMakeTmp'
Building C object CMakeFiles/cmTC_d2a57.dir/CheckFunctionExists.c.o
/bin/cc   -DCHECK_FUNCTION_EXISTS=pthread_create   -o CMakeFiles/cmTC_d2a57.dir/CheckFunctionExists.c.o   -c /usr/share/cmake-3.16/Modules/CheckFunctionExists.c
Linking C executable cmTC_d2a57
/usr/bin/cmake -E cmake_link_script CMakeFiles/cmTC_d2a57.dir/link.txt --verbose=1
/bin/cc  -DCHECK_FUNCTION_EXISTS=pthread_create    CMakeFiles/cmTC_d2a57.dir/CheckFunctionExists.c.o  -o cmTC_d2a57  -lpthreads 
/bin/ld: cannot find -lpthreads
collect2: error: ld returned 1 exit status
make[1]: *** [CMakeFiles/cmTC_d2a57.dir/build.make:87: cmTC_d2a57] Error 1
make[1]: Leaving directory '/home/ros2/Ros2Projects/oom_ws/src/ros2_term_project/plugins/build/CMakeFiles/CMakeTmp'
make: *** [Makefile:121: cmTC_d2a57/fast] Error 2



