[0.700s] Invoking command in '/home/ros2/AutoCar/ros2_term_project': PYTHONPATH=/home/ros2/AutoCar/ros2_term_project/install/ros2_term_project/lib/python3.8/site-packages:${PYTHONPATH} /usr/bin/python3 setup.py egg_info --egg-base build/ros2_term_project build --build-base /home/ros2/AutoCar/ros2_term_project/build/ros2_term_project/build install --prefix /home/ros2/AutoCar/ros2_term_project/install/ros2_term_project --record /home/ros2/AutoCar/ros2_term_project/build/ros2_term_project/install.log --single-version-externally-managed
[0.933s] running egg_info
[0.934s] writing build/ros2_term_project/ros2_term_project.egg-info/PKG-INFO
[0.934s] writing dependency_links to build/ros2_term_project/ros2_term_project.egg-info/dependency_links.txt
[0.934s] writing entry points to build/ros2_term_project/ros2_term_project.egg-info/entry_points.txt
[0.934s] writing requirements to build/ros2_term_project/ros2_term_project.egg-info/requires.txt
[0.935s] writing top-level names to build/ros2_term_project/ros2_term_project.egg-info/top_level.txt
[0.964s] reading manifest file 'build/ros2_term_project/ros2_term_project.egg-info/SOURCES.txt'
[0.965s] writing manifest file 'build/ros2_term_project/ros2_term_project.egg-info/SOURCES.txt'
[0.965s] running build
[0.965s] running build_py
[0.966s] running install
[0.966s] running install_lib
[0.968s] running install_data
[0.968s] copying package.xml -> /home/ros2/AutoCar/ros2_term_project/install/ros2_term_project/share/ros2_term_project
[0.968s] copying launch/car_sim.launch.py -> /home/ros2/AutoCar/ros2_term_project/install/ros2_term_project/share/ros2_term_project/launch
[0.969s] creating /home/ros2/AutoCar/ros2_term_project/install/ros2_term_project/share/ros2_term_project/models
[0.969s] copying models/moving_box.config -> /home/ros2/AutoCar/ros2_term_project/install/ros2_term_project/share/ros2_term_project/models
[0.969s] copying models/moving_box.sdf -> /home/ros2/AutoCar/ros2_term_project/install/ros2_term_project/share/ros2_term_project/models
[0.969s] running install_egg_info
[0.970s] removing '/home/ros2/AutoCar/ros2_term_project/install/ros2_term_project/lib/python3.8/site-packages/ros2_term_project-0.0.0-py3.8.egg-info' (and everything under it)
[0.971s] Copying build/ros2_term_project/ros2_term_project.egg-info to /home/ros2/AutoCar/ros2_term_project/install/ros2_term_project/lib/python3.8/site-packages/ros2_term_project-0.0.0-py3.8.egg-info
[0.972s] running install_scripts
[0.986s] writing list of installed files to '/home/ros2/AutoCar/ros2_term_project/build/ros2_term_project/install.log'
[1.000s] Invoked command in '/home/ros2/AutoCar/ros2_term_project' returned '0': PYTHONPATH=/home/ros2/AutoCar/ros2_term_project/install/ros2_term_project/lib/python3.8/site-packages:${PYTHONPATH} /usr/bin/python3 setup.py egg_info --egg-base build/ros2_term_project build --build-base /home/ros2/AutoCar/ros2_term_project/build/ros2_term_project/build install --prefix /home/ros2/AutoCar/ros2_term_project/install/ros2_term_project --record /home/ros2/AutoCar/ros2_term_project/build/ros2_term_project/install.log --single-version-externally-managed
